This file contains any messages produced by compilers while
running configure, to aid debugging if configure makes a mistake.

It was created by configure, which was
generated by GNU Autoconf 2.59.  Invocation command line was

  $ ./configure --prefix=/opt/vtun

## --------- ##
## Platform. ##
## --------- ##

hostname = fortitude-ThinkPad-W530
uname -m = x86_64
uname -r = 4.8.0-52-generic
uname -s = Linux
uname -v = #55~16.04.1-Ubuntu SMP Fri Apr 28 14:36:29 UTC 2017

/usr/bin/uname -p = unknown
/bin/uname -X     = unknown

/bin/arch              = unknown
/usr/bin/arch -k       = unknown
/usr/convex/getsysinfo = unknown
hostinfo               = unknown
/bin/machine           = unknown
/usr/bin/oslevel       = unknown
/bin/universe          = unknown

PATH: /usr/local/sbin
PATH: /usr/local/bin
PATH: /usr/sbin
PATH: /usr/bin
PATH: /sbin
PATH: /bin
PATH: /usr/games
PATH: /usr/local/games
PATH: /home/fortitude/tools/apache-maven-3.3.9/bin
PATH: /home/fortitude/tools/apache-maven-3.3.9/bin


## ----------- ##
## Core tests. ##
## ----------- ##

configure:1443: checking build system type
configure:1461: result: x86_64-unknown-linux-gnu
configure:1469: checking host system type
configure:1483: result: x86_64-unknown-linux-gnu
configure:1491: checking target system type
configure:1505: result: x86_64-unknown-linux-gnu
configure:1524: checking for bison
configure:1540: found /usr/bin/bison
configure:1550: result: bison -y
configure:1607: checking for gcc
configure:1623: found /usr/bin/gcc
configure:1633: result: gcc
configure:1877: checking for C compiler version
configure:1880: gcc --version </dev/null >&5
gcc (Ubuntu 5.4.0-6ubuntu1~16.04.4) 5.4.0 20160609
Copyright (C) 2015 Free Software Foundation, Inc.
This is free software; see the source for copying conditions.  There is NO
warranty; not even for MERCHANTABILITY or FITNESS FOR A PARTICULAR PURPOSE.

configure:1883: $? = 0
configure:1885: gcc -v </dev/null >&5
Using built-in specs.
COLLECT_GCC=gcc
COLLECT_LTO_WRAPPER=/usr/lib/gcc/x86_64-linux-gnu/5/lto-wrapper
Target: x86_64-linux-gnu
Configured with: ../src/configure -v --with-pkgversion='Ubuntu 5.4.0-6ubuntu1~16.04.4' --with-bugurl=file:///usr/share/doc/gcc-5/README.Bugs --enable-languages=c,ada,c++,java,go,d,fortran,objc,obj-c++ --prefix=/usr --program-suffix=-5 --enable-shared --enable-linker-build-id --libexecdir=/usr/lib --without-included-gettext --enable-threads=posix --libdir=/usr/lib --enable-nls --with-sysroot=/ --enable-clocale=gnu --enable-libstdcxx-debug --enable-libstdcxx-time=yes --with-default-libstdcxx-abi=new --enable-gnu-unique-object --disable-vtable-verify --enable-libmpx --enable-plugin --with-system-zlib --disable-browser-plugin --enable-java-awt=gtk --enable-gtk-cairo --with-java-home=/usr/lib/jvm/java-1.5.0-gcj-5-amd64/jre --enable-java-home --with-jvm-root-dir=/usr/lib/jvm/java-1.5.0-gcj-5-amd64 --with-jvm-jar-dir=/usr/lib/jvm-exports/java-1.5.0-gcj-5-amd64 --with-arch-directory=amd64 --with-ecj-jar=/usr/share/java/eclipse-ecj.jar --enable-objc-gc --enable-multiarch --disable-werror --with-arch-32=i686 --with-abi=m64 --with-multilib-list=m32,m64,mx32 --enable-multilib --with-tune=generic --enable-checking=release --build=x86_64-linux-gnu --host=x86_64-linux-gnu --target=x86_64-linux-gnu
Thread model: posix
gcc version 5.4.0 20160609 (Ubuntu 5.4.0-6ubuntu1~16.04.4) 
configure:1888: $? = 0
configure:1890: gcc -V </dev/null >&5
gcc: error: unrecognized command line option '-V'
gcc: fatal error: no input files
compilation terminated.
configure:1893: $? = 1
configure:1916: checking for C compiler default output file name
configure:1919: gcc    conftest.c  >&5
configure:1922: $? = 0
configure:1968: result: a.out
configure:1973: checking whether the C compiler works
configure:1979: ./a.out
configure:1982: $? = 0
configure:1999: result: yes
configure:2006: checking whether we are cross compiling
configure:2008: result: no
configure:2011: checking for suffix of executables
configure:2013: gcc -o conftest    conftest.c  >&5
configure:2016: $? = 0
configure:2041: result: 
configure:2047: checking for suffix of object files
configure:2068: gcc -c   conftest.c >&5
configure:2071: $? = 0
configure:2093: result: o
configure:2097: checking whether we are using the GNU C compiler
configure:2121: gcc -c   conftest.c >&5
configure:2127: $? = 0
configure:2131: test -z 
			 || test ! -s conftest.err
configure:2134: $? = 0
configure:2137: test -s conftest.o
configure:2140: $? = 0
configure:2153: result: yes
configure:2159: checking whether gcc accepts -g
configure:2180: gcc -c -g  conftest.c >&5
configure:2186: $? = 0
configure:2190: test -z 
			 || test ! -s conftest.err
configure:2193: $? = 0
configure:2196: test -s conftest.o
configure:2199: $? = 0
configure:2210: result: yes
configure:2227: checking for gcc option to accept ANSI C
configure:2297: gcc  -c -g -O2  conftest.c >&5
configure:2303: $? = 0
configure:2307: test -z 
			 || test ! -s conftest.err
configure:2310: $? = 0
configure:2313: test -s conftest.o
configure:2316: $? = 0
configure:2334: result: none needed
configure:2352: gcc -c -g -O2  conftest.c >&5
conftest.c:2:3: error: unknown type name 'choke'
   choke me
   ^
conftest.c:2:3: error: expected '=', ',', ';', 'asm' or '__attribute__' at end of input
configure:2358: $? = 1
configure: failed program was:
| #ifndef __cplusplus
|   choke me
| #endif
configure:2496: checking for flex
configure:2512: found /usr/bin/flex
configure:2522: result: flex
configure:2535: checking for yywrap in -lfl
configure:2565: gcc -o conftest -g -O2   conftest.c -lfl   >&5
configure:2571: $? = 0
configure:2575: test -z 
			 || test ! -s conftest.err
configure:2578: $? = 0
configure:2581: test -s conftest
configure:2584: $? = 0
configure:2597: result: yes
configure:2675: checking lex output file root
configure:2686: flex conftest.l
configure:2689: $? = 0
configure:2701: result: lex.yy
configure:2706: checking whether yytext is a pointer
configure:2722: gcc -o conftest -g -O2   conftest.c  -lfl >&5
configure:2728: $? = 0
configure:2732: test -z 
			 || test ! -s conftest.err
configure:2735: $? = 0
configure:2738: test -s conftest
configure:2741: $? = 0
configure:2755: result: yes
configure:2812: checking for gcc
configure:2838: result: gcc
configure:3082: checking for C compiler version
configure:3085: gcc --version </dev/null >&5
gcc (Ubuntu 5.4.0-6ubuntu1~16.04.4) 5.4.0 20160609
Copyright (C) 2015 Free Software Foundation, Inc.
This is free software; see the source for copying conditions.  There is NO
warranty; not even for MERCHANTABILITY or FITNESS FOR A PARTICULAR PURPOSE.

configure:3088: $? = 0
configure:3090: gcc -v </dev/null >&5
Using built-in specs.
COLLECT_GCC=gcc
COLLECT_LTO_WRAPPER=/usr/lib/gcc/x86_64-linux-gnu/5/lto-wrapper
Target: x86_64-linux-gnu
Configured with: ../src/configure -v --with-pkgversion='Ubuntu 5.4.0-6ubuntu1~16.04.4' --with-bugurl=file:///usr/share/doc/gcc-5/README.Bugs --enable-languages=c,ada,c++,java,go,d,fortran,objc,obj-c++ --prefix=/usr --program-suffix=-5 --enable-shared --enable-linker-build-id --libexecdir=/usr/lib --without-included-gettext --enable-threads=posix --libdir=/usr/lib --enable-nls --with-sysroot=/ --enable-clocale=gnu --enable-libstdcxx-debug --enable-libstdcxx-time=yes --with-default-libstdcxx-abi=new --enable-gnu-unique-object --disable-vtable-verify --enable-libmpx --enable-plugin --with-system-zlib --disable-browser-plugin --enable-java-awt=gtk --enable-gtk-cairo --with-java-home=/usr/lib/jvm/java-1.5.0-gcj-5-amd64/jre --enable-java-home --with-jvm-root-dir=/usr/lib/jvm/java-1.5.0-gcj-5-amd64 --with-jvm-jar-dir=/usr/lib/jvm-exports/java-1.5.0-gcj-5-amd64 --with-arch-directory=amd64 --with-ecj-jar=/usr/share/java/eclipse-ecj.jar --enable-objc-gc --enable-multiarch --disable-werror --with-arch-32=i686 --with-abi=m64 --with-multilib-list=m32,m64,mx32 --enable-multilib --with-tune=generic --enable-checking=release --build=x86_64-linux-gnu --host=x86_64-linux-gnu --target=x86_64-linux-gnu
Thread model: posix
gcc version 5.4.0 20160609 (Ubuntu 5.4.0-6ubuntu1~16.04.4) 
configure:3093: $? = 0
configure:3095: gcc -V </dev/null >&5
gcc: error: unrecognized command line option '-V'
gcc: fatal error: no input files
compilation terminated.
configure:3098: $? = 1
configure:3101: checking whether we are using the GNU C compiler
configure:3157: result: yes
configure:3163: checking whether gcc accepts -g
configure:3214: result: yes
configure:3231: checking for gcc option to accept ANSI C
configure:3338: result: none needed
configure:3356: gcc -c -g -O2  conftest.c >&5
conftest.c:2:3: error: unknown type name 'choke'
   choke me
   ^
conftest.c:2:3: error: expected '=', ',', ';', 'asm' or '__attribute__' at end of input
configure:3362: $? = 1
configure: failed program was:
| #ifndef __cplusplus
|   choke me
| #endif
configure:3508: checking for a BSD-compatible install
configure:3563: result: /usr/bin/install -c
configure:3575: checking for an ANSI C-conforming const
configure:3642: gcc -c -g -O2  conftest.c >&5
configure:3648: $? = 0
configure:3652: test -z 
			 || test ! -s conftest.err
configure:3655: $? = 0
configure:3658: test -s conftest.o
configure:3661: $? = 0
configure:3672: result: yes
configure:3682: checking for inline
configure:3703: gcc -c -g -O2  conftest.c >&5
configure:3709: $? = 0
configure:3713: test -z 
			 || test ! -s conftest.err
configure:3716: $? = 0
configure:3719: test -s conftest.o
configure:3722: $? = 0
configure:3734: result: inline
configure:3759: checking how to run the C preprocessor
configure:3794: gcc -E  conftest.c
configure:3800: $? = 0
configure:3832: gcc -E  conftest.c
conftest.c:10:28: fatal error: ac_nonexistent.h: No such file or directory
compilation terminated.
configure:3838: $? = 1
configure: failed program was:
| /* confdefs.h.  */
| 
| #define PACKAGE_NAME ""
| #define PACKAGE_TARNAME ""
| #define PACKAGE_VERSION ""
| #define PACKAGE_STRING ""
| #define PACKAGE_BUGREPORT ""
| #define YYTEXT_POINTER 1
| /* end confdefs.h.  */
| #include <ac_nonexistent.h>
configure:3877: result: gcc -E
configure:3901: gcc -E  conftest.c
configure:3907: $? = 0
configure:3939: gcc -E  conftest.c
conftest.c:10:28: fatal error: ac_nonexistent.h: No such file or directory
compilation terminated.
configure:3945: $? = 1
configure: failed program was:
| /* confdefs.h.  */
| 
| #define PACKAGE_NAME ""
| #define PACKAGE_TARNAME ""
| #define PACKAGE_VERSION ""
| #define PACKAGE_STRING ""
| #define PACKAGE_BUGREPORT ""
| #define YYTEXT_POINTER 1
| /* end confdefs.h.  */
| #include <ac_nonexistent.h>
configure:3989: checking for egrep
configure:3999: result: grep -E
configure:4004: checking for ANSI C header files
configure:4029: gcc -c -g -O2  conftest.c >&5
configure:4035: $? = 0
configure:4039: test -z 
			 || test ! -s conftest.err
configure:4042: $? = 0
configure:4045: test -s conftest.o
configure:4048: $? = 0
configure:4137: gcc -o conftest -g -O2   conftest.c  >&5
conftest.c: In function 'main':
conftest.c:27:7: warning: implicit declaration of function 'exit' [-Wimplicit-function-declaration]
       exit(2);
       ^
conftest.c:27:7: warning: incompatible implicit declaration of built-in function 'exit'
conftest.c:27:7: note: include '<stdlib.h>' or provide a declaration of 'exit'
conftest.c:28:3: warning: incompatible implicit declaration of built-in function 'exit'
   exit (0);
   ^
conftest.c:28:3: note: include '<stdlib.h>' or provide a declaration of 'exit'
configure:4140: $? = 0
configure:4142: ./conftest
configure:4145: $? = 0
configure:4160: result: yes
configure:4184: checking for sys/types.h
configure:4200: gcc -c -g -O2  conftest.c >&5
configure:4206: $? = 0
configure:4210: test -z 
			 || test ! -s conftest.err
configure:4213: $? = 0
configure:4216: test -s conftest.o
configure:4219: $? = 0
configure:4230: result: yes
configure:4184: checking for sys/stat.h
configure:4200: gcc -c -g -O2  conftest.c >&5
configure:4206: $? = 0
configure:4210: test -z 
			 || test ! -s conftest.err
configure:4213: $? = 0
configure:4216: test -s conftest.o
configure:4219: $? = 0
configure:4230: result: yes
configure:4184: checking for stdlib.h
configure:4200: gcc -c -g -O2  conftest.c >&5
configure:4206: $? = 0
configure:4210: test -z 
			 || test ! -s conftest.err
configure:4213: $? = 0
configure:4216: test -s conftest.o
configure:4219: $? = 0
configure:4230: result: yes
configure:4184: checking for string.h
configure:4200: gcc -c -g -O2  conftest.c >&5
configure:4206: $? = 0
configure:4210: test -z 
			 || test ! -s conftest.err
configure:4213: $? = 0
configure:4216: test -s conftest.o
configure:4219: $? = 0
configure:4230: result: yes
configure:4184: checking for memory.h
configure:4200: gcc -c -g -O2  conftest.c >&5
configure:4206: $? = 0
configure:4210: test -z 
			 || test ! -s conftest.err
configure:4213: $? = 0
configure:4216: test -s conftest.o
configure:4219: $? = 0
configure:4230: result: yes
configure:4184: checking for strings.h
configure:4200: gcc -c -g -O2  conftest.c >&5
configure:4206: $? = 0
configure:4210: test -z 
			 || test ! -s conftest.err
configure:4213: $? = 0
configure:4216: test -s conftest.o
configure:4219: $? = 0
configure:4230: result: yes
configure:4184: checking for inttypes.h
configure:4200: gcc -c -g -O2  conftest.c >&5
configure:4206: $? = 0
configure:4210: test -z 
			 || test ! -s conftest.err
configure:4213: $? = 0
configure:4216: test -s conftest.o
configure:4219: $? = 0
configure:4230: result: yes
configure:4184: checking for stdint.h
configure:4200: gcc -c -g -O2  conftest.c >&5
configure:4206: $? = 0
configure:4210: test -z 
			 || test ! -s conftest.err
configure:4213: $? = 0
configure:4216: test -s conftest.o
configure:4219: $? = 0
configure:4230: result: yes
configure:4184: checking for unistd.h
configure:4200: gcc -c -g -O2  conftest.c >&5
configure:4206: $? = 0
configure:4210: test -z 
			 || test ! -s conftest.err
configure:4213: $? = 0
configure:4216: test -s conftest.o
configure:4219: $? = 0
configure:4230: result: yes
configure:4260: checking sys/resource.h usability
configure:4272: gcc -c -g -O2  conftest.c >&5
configure:4278: $? = 0
configure:4282: test -z 
			 || test ! -s conftest.err
configure:4285: $? = 0
configure:4288: test -s conftest.o
configure:4291: $? = 0
configure:4301: result: yes
configure:4305: checking sys/resource.h presence
configure:4315: gcc -E  conftest.c
configure:4321: $? = 0
configure:4341: result: yes
configure:4376: checking for sys/resource.h
configure:4383: result: yes
configure:4260: checking netdb.h usability
configure:4272: gcc -c -g -O2  conftest.c >&5
configure:4278: $? = 0
configure:4282: test -z 
			 || test ! -s conftest.err
configure:4285: $? = 0
configure:4288: test -s conftest.o
configure:4291: $? = 0
configure:4301: result: yes
configure:4305: checking netdb.h presence
configure:4315: gcc -E  conftest.c
configure:4321: $? = 0
configure:4341: result: yes
configure:4376: checking for netdb.h
configure:4383: result: yes
configure:4260: checking sched.h usability
configure:4272: gcc -c -g -O2  conftest.c >&5
configure:4278: $? = 0
configure:4282: test -z 
			 || test ! -s conftest.err
configure:4285: $? = 0
configure:4288: test -s conftest.o
configure:4291: $? = 0
configure:4301: result: yes
configure:4305: checking sched.h presence
configure:4315: gcc -E  conftest.c
configure:4321: $? = 0
configure:4341: result: yes
configure:4376: checking for sched.h
configure:4383: result: yes
configure:4260: checking resolv.h usability
configure:4272: gcc -c -g -O2  conftest.c >&5
configure:4278: $? = 0
configure:4282: test -z 
			 || test ! -s conftest.err
configure:4285: $? = 0
configure:4288: test -s conftest.o
configure:4291: $? = 0
configure:4301: result: yes
configure:4305: checking resolv.h presence
configure:4315: gcc -E  conftest.c
configure:4321: $? = 0
configure:4341: result: yes
configure:4376: checking for resolv.h
configure:4383: result: yes
configure:4260: checking arpa/inet.h usability
configure:4272: gcc -c -g -O2  conftest.c >&5
configure:4278: $? = 0
configure:4282: test -z 
			 || test ! -s conftest.err
configure:4285: $? = 0
configure:4288: test -s conftest.o
configure:4291: $? = 0
configure:4301: result: yes
configure:4305: checking arpa/inet.h presence
configure:4315: gcc -E  conftest.c
configure:4321: $? = 0
configure:4341: result: yes
configure:4376: checking for arpa/inet.h
configure:4383: result: yes
configure:4413: checking netinet/ip.h usability
configure:4425: gcc -c -g -O2  conftest.c >&5
configure:4431: $? = 0
configure:4435: test -z 
			 || test ! -s conftest.err
configure:4438: $? = 0
configure:4441: test -s conftest.o
configure:4444: $? = 0
configure:4454: result: yes
configure:4458: checking netinet/ip.h presence
configure:4468: gcc -E  conftest.c
configure:4474: $? = 0
configure:4494: result: yes
configure:4529: checking for netinet/ip.h
configure:4536: result: yes
configure:4413: checking netinet/in.h usability
configure:4425: gcc -c -g -O2  conftest.c >&5
configure:4431: $? = 0
configure:4435: test -z 
			 || test ! -s conftest.err
configure:4438: $? = 0
configure:4441: test -s conftest.o
configure:4444: $? = 0
configure:4454: result: yes
configure:4458: checking netinet/in.h presence
configure:4468: gcc -E  conftest.c
configure:4474: $? = 0
configure:4494: result: yes
configure:4529: checking for netinet/in.h
configure:4536: result: yes
configure:4413: checking netinet/tcp.h usability
configure:4425: gcc -c -g -O2  conftest.c >&5
configure:4431: $? = 0
configure:4435: test -z 
			 || test ! -s conftest.err
configure:4438: $? = 0
configure:4441: test -s conftest.o
configure:4444: $? = 0
configure:4454: result: yes
configure:4458: checking netinet/tcp.h presence
configure:4468: gcc -E  conftest.c
configure:4474: $? = 0
configure:4494: result: yes
configure:4529: checking for netinet/tcp.h
configure:4536: result: yes
configure:4413: checking netinet/in_systm.h usability
configure:4425: gcc -c -g -O2  conftest.c >&5
configure:4431: $? = 0
configure:4435: test -z 
			 || test ! -s conftest.err
configure:4438: $? = 0
configure:4441: test -s conftest.o
configure:4444: $? = 0
configure:4454: result: yes
configure:4458: checking netinet/in_systm.h presence
configure:4468: gcc -E  conftest.c
configure:4474: $? = 0
configure:4494: result: yes
configure:4529: checking for netinet/in_systm.h
configure:4536: result: yes
configure:4564: checking libutil.h usability
configure:4576: gcc -c -g -O2  conftest.c >&5
conftest.c:63:21: fatal error: libutil.h: No such file or directory
compilation terminated.
configure:4582: $? = 1
configure: failed program was:
| /* confdefs.h.  */
| 
| #define PACKAGE_NAME ""
| #define PACKAGE_TARNAME ""
| #define PACKAGE_VERSION ""
| #define PACKAGE_STRING ""
| #define PACKAGE_BUGREPORT ""
| #define YYTEXT_POINTER 1
| #define STDC_HEADERS 1
| #define HAVE_SYS_TYPES_H 1
| #define HAVE_SYS_STAT_H 1
| #define HAVE_STDLIB_H 1
| #define HAVE_STRING_H 1
| #define HAVE_MEMORY_H 1
| #define HAVE_STRINGS_H 1
| #define HAVE_INTTYPES_H 1
| #define HAVE_STDINT_H 1
| #define HAVE_UNISTD_H 1
| #define HAVE_SYS_RESOURCE_H 1
| #define HAVE_NETDB_H 1
| #define HAVE_SCHED_H 1
| #define HAVE_RESOLV_H 1
| #define HAVE_ARPA_INET_H 1
| #define HAVE_NETINET_IP_H 1
| #define HAVE_NETINET_IN_H 1
| #define HAVE_NETINET_TCP_H 1
| #define HAVE_NETINET_IN_SYSTM_H 1
| /* end confdefs.h.  */
| #include <stdio.h>
| #if HAVE_SYS_TYPES_H
| # include <sys/types.h>
| #endif
| #if HAVE_SYS_STAT_H
| # include <sys/stat.h>
| #endif
| #if STDC_HEADERS
| # include <stdlib.h>
| # include <stddef.h>
| #else
| # if HAVE_STDLIB_H
| #  include <stdlib.h>
| # endif
| #endif
| #if HAVE_STRING_H
| # if !STDC_HEADERS && HAVE_MEMORY_H
| #  include <memory.h>
| # endif
| # include <string.h>
| #endif
| #if HAVE_STRINGS_H
| # include <strings.h>
| #endif
| #if HAVE_INTTYPES_H
| # include <inttypes.h>
| #else
| # if HAVE_STDINT_H
| #  include <stdint.h>
| # endif
| #endif
| #if HAVE_UNISTD_H
| # include <unistd.h>
| #endif
| #include <libutil.h>
configure:4605: result: no
configure:4609: checking libutil.h presence
configure:4619: gcc -E  conftest.c
conftest.c:29:21: fatal error: libutil.h: No such file or directory
compilation terminated.
configure:4625: $? = 1
configure: failed program was:
| /* confdefs.h.  */
| 
| #define PACKAGE_NAME ""
| #define PACKAGE_TARNAME ""
| #define PACKAGE_VERSION ""
| #define PACKAGE_STRING ""
| #define PACKAGE_BUGREPORT ""
| #define YYTEXT_POINTER 1
| #define STDC_HEADERS 1
| #define HAVE_SYS_TYPES_H 1
| #define HAVE_SYS_STAT_H 1
| #define HAVE_STDLIB_H 1
| #define HAVE_STRING_H 1
| #define HAVE_MEMORY_H 1
| #define HAVE_STRINGS_H 1
| #define HAVE_INTTYPES_H 1
| #define HAVE_STDINT_H 1
| #define HAVE_UNISTD_H 1
| #define HAVE_SYS_RESOURCE_H 1
| #define HAVE_NETDB_H 1
| #define HAVE_SCHED_H 1
| #define HAVE_RESOLV_H 1
| #define HAVE_ARPA_INET_H 1
| #define HAVE_NETINET_IP_H 1
| #define HAVE_NETINET_IN_H 1
| #define HAVE_NETINET_TCP_H 1
| #define HAVE_NETINET_IN_SYSTM_H 1
| /* end confdefs.h.  */
| #include <libutil.h>
configure:4645: result: no
configure:4680: checking for libutil.h
configure:4687: result: no
configure:4564: checking sys/sockio.h usability
configure:4576: gcc -c -g -O2  conftest.c >&5
conftest.c:63:24: fatal error: sys/sockio.h: No such file or directory
compilation terminated.
configure:4582: $? = 1
configure: failed program was:
| /* confdefs.h.  */
| 
| #define PACKAGE_NAME ""
| #define PACKAGE_TARNAME ""
| #define PACKAGE_VERSION ""
| #define PACKAGE_STRING ""
| #define PACKAGE_BUGREPORT ""
| #define YYTEXT_POINTER 1
| #define STDC_HEADERS 1
| #define HAVE_SYS_TYPES_H 1
| #define HAVE_SYS_STAT_H 1
| #define HAVE_STDLIB_H 1
| #define HAVE_STRING_H 1
| #define HAVE_MEMORY_H 1
| #define HAVE_STRINGS_H 1
| #define HAVE_INTTYPES_H 1
| #define HAVE_STDINT_H 1
| #define HAVE_UNISTD_H 1
| #define HAVE_SYS_RESOURCE_H 1
| #define HAVE_NETDB_H 1
| #define HAVE_SCHED_H 1
| #define HAVE_RESOLV_H 1
| #define HAVE_ARPA_INET_H 1
| #define HAVE_NETINET_IP_H 1
| #define HAVE_NETINET_IN_H 1
| #define HAVE_NETINET_TCP_H 1
| #define HAVE_NETINET_IN_SYSTM_H 1
| /* end confdefs.h.  */
| #include <stdio.h>
| #if HAVE_SYS_TYPES_H
| # include <sys/types.h>
| #endif
| #if HAVE_SYS_STAT_H
| # include <sys/stat.h>
| #endif
| #if STDC_HEADERS
| # include <stdlib.h>
| # include <stddef.h>
| #else
| # if HAVE_STDLIB_H
| #  include <stdlib.h>
| # endif
| #endif
| #if HAVE_STRING_H
| # if !STDC_HEADERS && HAVE_MEMORY_H
| #  include <memory.h>
| # endif
| # include <string.h>
| #endif
| #if HAVE_STRINGS_H
| # include <strings.h>
| #endif
| #if HAVE_INTTYPES_H
| # include <inttypes.h>
| #else
| # if HAVE_STDINT_H
| #  include <stdint.h>
| # endif
| #endif
| #if HAVE_UNISTD_H
| # include <unistd.h>
| #endif
| #include <sys/sockio.h>
configure:4605: result: no
configure:4609: checking sys/sockio.h presence
configure:4619: gcc -E  conftest.c
conftest.c:29:24: fatal error: sys/sockio.h: No such file or directory
compilation terminated.
configure:4625: $? = 1
configure: failed program was:
| /* confdefs.h.  */
| 
| #define PACKAGE_NAME ""
| #define PACKAGE_TARNAME ""
| #define PACKAGE_VERSION ""
| #define PACKAGE_STRING ""
| #define PACKAGE_BUGREPORT ""
| #define YYTEXT_POINTER 1
| #define STDC_HEADERS 1
| #define HAVE_SYS_TYPES_H 1
| #define HAVE_SYS_STAT_H 1
| #define HAVE_STDLIB_H 1
| #define HAVE_STRING_H 1
| #define HAVE_MEMORY_H 1
| #define HAVE_STRINGS_H 1
| #define HAVE_INTTYPES_H 1
| #define HAVE_STDINT_H 1
| #define HAVE_UNISTD_H 1
| #define HAVE_SYS_RESOURCE_H 1
| #define HAVE_NETDB_H 1
| #define HAVE_SCHED_H 1
| #define HAVE_RESOLV_H 1
| #define HAVE_ARPA_INET_H 1
| #define HAVE_NETINET_IP_H 1
| #define HAVE_NETINET_IN_H 1
| #define HAVE_NETINET_TCP_H 1
| #define HAVE_NETINET_IN_SYSTM_H 1
| /* end confdefs.h.  */
| #include <sys/sockio.h>
configure:4645: result: no
configure:4680: checking for sys/sockio.h
configure:4687: result: no
configure:4701: checking for library containing socket
configure:4731: gcc -o conftest -g -O2   conftest.c  >&5
configure:4737: $? = 0
configure:4741: test -z 
			 || test ! -s conftest.err
configure:4744: $? = 0
configure:4747: test -s conftest
configure:4750: $? = 0
configure:4820: result: none required
configure:4828: checking for library containing inet_ntoa
configure:4858: gcc -o conftest -g -O2   conftest.c  >&5
configure:4864: $? = 0
configure:4868: test -z 
			 || test ! -s conftest.err
configure:4871: $? = 0
configure:4874: test -s conftest
configure:4877: $? = 0
configure:4947: result: none required
configure:4955: checking for library containing gethostbyname
configure:4985: gcc -o conftest -g -O2   conftest.c  >&5
configure:4991: $? = 0
configure:4995: test -z 
			 || test ! -s conftest.err
configure:4998: $? = 0
configure:5001: test -s conftest
configure:5004: $? = 0
configure:5074: result: none required
configure:5082: checking for library containing nanosleep
configure:5112: gcc -o conftest -g -O2   conftest.c  >&5
configure:5118: $? = 0
configure:5122: test -z 
			 || test ! -s conftest.err
configure:5125: $? = 0
configure:5128: test -s conftest
configure:5131: $? = 0
configure:5201: result: none required
configure:5209: checking for library containing setproctitle
configure:5239: gcc -o conftest -g -O2   conftest.c  >&5
/tmp/ccmmLSDj.o: In function `main':
/home/fortitude/raydo/vpn/vtun-3.0.3/conftest.c:40: undefined reference to `setproctitle'
collect2: error: ld returned 1 exit status
configure:5245: $? = 1
configure: failed program was:
| /* confdefs.h.  */
| 
| #define PACKAGE_NAME ""
| #define PACKAGE_TARNAME ""
| #define PACKAGE_VERSION ""
| #define PACKAGE_STRING ""
| #define PACKAGE_BUGREPORT ""
| #define YYTEXT_POINTER 1
| #define STDC_HEADERS 1
| #define HAVE_SYS_TYPES_H 1
| #define HAVE_SYS_STAT_H 1
| #define HAVE_STDLIB_H 1
| #define HAVE_STRING_H 1
| #define HAVE_MEMORY_H 1
| #define HAVE_STRINGS_H 1
| #define HAVE_INTTYPES_H 1
| #define HAVE_STDINT_H 1
| #define HAVE_UNISTD_H 1
| #define HAVE_SYS_RESOURCE_H 1
| #define HAVE_NETDB_H 1
| #define HAVE_SCHED_H 1
| #define HAVE_RESOLV_H 1
| #define HAVE_ARPA_INET_H 1
| #define HAVE_NETINET_IP_H 1
| #define HAVE_NETINET_IN_H 1
| #define HAVE_NETINET_TCP_H 1
| #define HAVE_NETINET_IN_SYSTM_H 1
| /* end confdefs.h.  */
| 
| /* Override any gcc2 internal prototype to avoid an error.  */
| #ifdef __cplusplus
| extern "C"
| #endif
| /* We use char because int might match the return type of a gcc2
|    builtin and then its argument prototype would still apply.  */
| char setproctitle ();
| int
| main ()
| {
| setproctitle ();
|   ;
|   return 0;
| }
configure:5294: gcc -o conftest -g -O2   conftest.c -lutil   >&5
/tmp/ccsrdsfm.o: In function `main':
/home/fortitude/raydo/vpn/vtun-3.0.3/conftest.c:40: undefined reference to `setproctitle'
collect2: error: ld returned 1 exit status
configure:5300: $? = 1
configure: failed program was:
| /* confdefs.h.  */
| 
| #define PACKAGE_NAME ""
| #define PACKAGE_TARNAME ""
| #define PACKAGE_VERSION ""
| #define PACKAGE_STRING ""
| #define PACKAGE_BUGREPORT ""
| #define YYTEXT_POINTER 1
| #define STDC_HEADERS 1
| #define HAVE_SYS_TYPES_H 1
| #define HAVE_SYS_STAT_H 1
| #define HAVE_STDLIB_H 1
| #define HAVE_STRING_H 1
| #define HAVE_MEMORY_H 1
| #define HAVE_STRINGS_H 1
| #define HAVE_INTTYPES_H 1
| #define HAVE_STDINT_H 1
| #define HAVE_UNISTD_H 1
| #define HAVE_SYS_RESOURCE_H 1
| #define HAVE_NETDB_H 1
| #define HAVE_SCHED_H 1
| #define HAVE_RESOLV_H 1
| #define HAVE_ARPA_INET_H 1
| #define HAVE_NETINET_IP_H 1
| #define HAVE_NETINET_IN_H 1
| #define HAVE_NETINET_TCP_H 1
| #define HAVE_NETINET_IN_SYSTM_H 1
| /* end confdefs.h.  */
| 
| /* Override any gcc2 internal prototype to avoid an error.  */
| #ifdef __cplusplus
| extern "C"
| #endif
| /* We use char because int might match the return type of a gcc2
|    builtin and then its argument prototype would still apply.  */
| char setproctitle ();
| int
| main ()
| {
| setproctitle ();
|   ;
|   return 0;
| }
configure:5294: gcc -o conftest -g -O2   conftest.c -lbsd   >&5
/usr/bin/ld: cannot find -lbsd
collect2: error: ld returned 1 exit status
configure:5300: $? = 1
configure: failed program was:
| /* confdefs.h.  */
| 
| #define PACKAGE_NAME ""
| #define PACKAGE_TARNAME ""
| #define PACKAGE_VERSION ""
| #define PACKAGE_STRING ""
| #define PACKAGE_BUGREPORT ""
| #define YYTEXT_POINTER 1
| #define STDC_HEADERS 1
| #define HAVE_SYS_TYPES_H 1
| #define HAVE_SYS_STAT_H 1
| #define HAVE_STDLIB_H 1
| #define HAVE_STRING_H 1
| #define HAVE_MEMORY_H 1
| #define HAVE_STRINGS_H 1
| #define HAVE_INTTYPES_H 1
| #define HAVE_STDINT_H 1
| #define HAVE_UNISTD_H 1
| #define HAVE_SYS_RESOURCE_H 1
| #define HAVE_NETDB_H 1
| #define HAVE_SCHED_H 1
| #define HAVE_RESOLV_H 1
| #define HAVE_ARPA_INET_H 1
| #define HAVE_NETINET_IP_H 1
| #define HAVE_NETINET_IN_H 1
| #define HAVE_NETINET_TCP_H 1
| #define HAVE_NETINET_IN_SYSTM_H 1
| /* end confdefs.h.  */
| 
| /* Override any gcc2 internal prototype to avoid an error.  */
| #ifdef __cplusplus
| extern "C"
| #endif
| /* We use char because int might match the return type of a gcc2
|    builtin and then its argument prototype would still apply.  */
| char setproctitle ();
| int
| main ()
| {
| setproctitle ();
|   ;
|   return 0;
| }
configure:5328: result: no
configure:5347: result: 
configure:5349: checking for ZLIB Library and Header files ... ...
configure:5351: checking for deflate in -lz
configure:5381: gcc -o conftest -g -O2   conftest.c -lz   >&5
configure:5387: $? = 0
configure:5391: test -z 
			 || test ! -s conftest.err
configure:5394: $? = 0
configure:5397: test -s conftest
configure:5400: $? = 0
configure:5413: result: yes
configure:5432: result: 
configure:5434: checking for LZO Library and Header files ... ...
configure:5437: checking "for lzo_asm.h"
configure:5470: result: (/usr/include/lzo) yes 
configure:5531: checking for lzo1x_decompress in -llzo2
configure:5561: gcc -o conftest -g -O2  -I/usr/include/lzo  conftest.c -llzo2   -lz >&5
configure:5567: $? = 0
configure:5571: test -z 
			 || test ! -s conftest.err
configure:5574: $? = 0
configure:5577: test -s conftest
configure:5580: $? = 0
configure:5593: result: yes
configure:5622: result: 
configure:5624: checking for md5 Library and Header files ... ...
configure:5627: checking "for md5.h"
configure:5660: result: (/usr/include/openssl) yes 
configure:5675: result: 
configure:5677: checking for blowfish Library and Header files ... ...
configure:5680: checking "for blowfish.h"
configure:5713: result: (/usr/include/openssl) yes 
configure:5715: checking for BF_set_key in -lcrypto
configure:5745: gcc -o conftest -g -O2  -I/usr/include/lzo -I/usr/include/openssl -I/usr/include/openssl  conftest.c -lcrypto   -lz -llzo2 >&5
configure:5751: $? = 0
configure:5755: test -z 
			 || test ! -s conftest.err
configure:5758: $? = 0
configure:5761: test -s conftest
configure:5764: $? = 0
configure:5777: result: yes
configure:5810: result: 
configure:5812: checking for AES Library and Header files ... ...
configure:5815: checking "for aes.h"
configure:5848: result: (/usr/include/openssl) yes 
configure:5850: checking for AES_set_encrypt_key in -lcrypto
configure:5880: gcc -o conftest -g -O2  -I/usr/include/lzo -I/usr/include/openssl -I/usr/include/openssl -I/usr/include/openssl  conftest.c -lcrypto   -lz -llzo2 -lcrypto >&5
configure:5886: $? = 0
configure:5890: test -z 
			 || test ! -s conftest.err
configure:5893: $? = 0
configure:5896: test -s conftest
configure:5899: $? = 0
configure:5912: result: yes
configure:5940: result: 
configure:5942: checking for EVP Library and Header files ... ...
configure:5945: checking "for evp.h"
configure:5978: result: (/usr/include/openssl) yes 
configure:5980: checking for EVP_EncryptInit in -lcrypto
configure:6010: gcc -o conftest -g -O2  -I/usr/include/lzo -I/usr/include/openssl -I/usr/include/openssl -I/usr/include/openssl -I/usr/include/openssl  conftest.c -lcrypto   -lz -llzo2 -lcrypto >&5
configure:6016: $? = 0
configure:6020: test -z 
			 || test ! -s conftest.err
configure:6023: $? = 0
configure:6026: test -s conftest
configure:6029: $? = 0
configure:6042: result: yes
configure:6232: result: 
configure:6242: checking for getpt
configure:6299: gcc -o conftest -g -O2  -I/usr/include/lzo -I/usr/include/openssl -I/usr/include/openssl -I/usr/include/openssl -I/usr/include/openssl  conftest.c  -lz -llzo2 -lcrypto >&5
configure:6305: $? = 0
configure:6309: test -z 
			 || test ! -s conftest.err
configure:6312: $? = 0
configure:6315: test -s conftest
configure:6318: $? = 0
configure:6330: result: yes
configure:6242: checking for grantpt
configure:6299: gcc -o conftest -g -O2  -I/usr/include/lzo -I/usr/include/openssl -I/usr/include/openssl -I/usr/include/openssl -I/usr/include/openssl  conftest.c  -lz -llzo2 -lcrypto >&5
configure:6305: $? = 0
configure:6309: test -z 
			 || test ! -s conftest.err
configure:6312: $? = 0
configure:6315: test -s conftest
configure:6318: $? = 0
configure:6330: result: yes
configure:6242: checking for unlockpt
configure:6299: gcc -o conftest -g -O2  -I/usr/include/lzo -I/usr/include/openssl -I/usr/include/openssl -I/usr/include/openssl -I/usr/include/openssl  conftest.c  -lz -llzo2 -lcrypto >&5
configure:6305: $? = 0
configure:6309: test -z 
			 || test ! -s conftest.err
configure:6312: $? = 0
configure:6315: test -s conftest
configure:6318: $? = 0
configure:6330: result: yes
configure:6242: checking for ptsname
configure:6299: gcc -o conftest -g -O2  -I/usr/include/lzo -I/usr/include/openssl -I/usr/include/openssl -I/usr/include/openssl -I/usr/include/openssl  conftest.c  -lz -llzo2 -lcrypto >&5
configure:6305: $? = 0
configure:6309: test -z 
			 || test ! -s conftest.err
configure:6312: $? = 0
configure:6315: test -s conftest
configure:6318: $? = 0
configure:6330: result: yes
configure:6359: checking linux/if_tun.h usability
configure:6371: gcc -c -g -O2  -I/usr/include/lzo -I/usr/include/openssl -I/usr/include/openssl -I/usr/include/openssl -I/usr/include/openssl conftest.c >&5
configure:6377: $? = 0
configure:6381: test -z 
			 || test ! -s conftest.err
configure:6384: $? = 0
configure:6387: test -s conftest.o
configure:6390: $? = 0
configure:6400: result: yes
configure:6404: checking linux/if_tun.h presence
configure:6414: gcc -E  -I/usr/include/lzo -I/usr/include/openssl -I/usr/include/openssl -I/usr/include/openssl -I/usr/include/openssl conftest.c
configure:6420: $? = 0
configure:6440: result: yes
configure:6475: checking for linux/if_tun.h
configure:6482: result: yes
configure:6511: result: creating driver and protocol links ... 
configure:6536: result: 
configure:6644: creating ./config.status

## ---------------------- ##
## Running config.status. ##
## ---------------------- ##

This file was extended by config.status, which was
generated by GNU Autoconf 2.59.  Invocation command line was

  CONFIG_FILES    = 
  CONFIG_HEADERS  = 
  CONFIG_LINKS    = 
  CONFIG_COMMANDS = 
  $ ./config.status 

on fortitude-ThinkPad-W530

config.status:665: creating Makefile
config.status:769: creating config.h

## ---------------- ##
## Cache variables. ##
## ---------------- ##

ac_cv_build=x86_64-unknown-linux-gnu
ac_cv_build_alias=x86_64-unknown-linux-gnu
ac_cv_c_compiler_gnu=yes
ac_cv_c_const=yes
ac_cv_c_inline=inline
ac_cv_env_CC_set=
ac_cv_env_CC_value=
ac_cv_env_CFLAGS_set=
ac_cv_env_CFLAGS_value=
ac_cv_env_CPPFLAGS_set=
ac_cv_env_CPPFLAGS_value=
ac_cv_env_CPP_set=
ac_cv_env_CPP_value=
ac_cv_env_LDFLAGS_set=
ac_cv_env_LDFLAGS_value=
ac_cv_env_build_alias_set=
ac_cv_env_build_alias_value=
ac_cv_env_host_alias_set=
ac_cv_env_host_alias_value=
ac_cv_env_target_alias_set=
ac_cv_env_target_alias_value=
ac_cv_exeext=
ac_cv_func_getpt=yes
ac_cv_func_grantpt=yes
ac_cv_func_ptsname=yes
ac_cv_func_unlockpt=yes
ac_cv_header_arpa_inet_h=yes
ac_cv_header_inttypes_h=yes
ac_cv_header_libutil_h=no
ac_cv_header_linux_if_tun_h=yes
ac_cv_header_memory_h=yes
ac_cv_header_netdb_h=yes
ac_cv_header_netinet_in_h=yes
ac_cv_header_netinet_in_systm_h=yes
ac_cv_header_netinet_ip_h=yes
ac_cv_header_netinet_tcp_h=yes
ac_cv_header_resolv_h=yes
ac_cv_header_sched_h=yes
ac_cv_header_stdc=yes
ac_cv_header_stdint_h=yes
ac_cv_header_stdlib_h=yes
ac_cv_header_string_h=yes
ac_cv_header_strings_h=yes
ac_cv_header_sys_resource_h=yes
ac_cv_header_sys_sockio_h=no
ac_cv_header_sys_stat_h=yes
ac_cv_header_sys_types_h=yes
ac_cv_header_unistd_h=yes
ac_cv_host=x86_64-unknown-linux-gnu
ac_cv_host_alias=x86_64-unknown-linux-gnu
ac_cv_lib_crypto_AES_set_encrypt_key=yes
ac_cv_lib_crypto_BF_set_key=yes
ac_cv_lib_crypto_EVP_EncryptInit=yes
ac_cv_lib_fl_yywrap=yes
ac_cv_lib_lzo2___lzo1x_decompress=yes
ac_cv_lib_z_deflate=yes
ac_cv_objext=o
ac_cv_path_install='/usr/bin/install -c'
ac_cv_prog_CPP='gcc -E'
ac_cv_prog_LEX=flex
ac_cv_prog_YACC='bison -y'
ac_cv_prog_ac_ct_CC=gcc
ac_cv_prog_cc_g=yes
ac_cv_prog_cc_stdc=
ac_cv_prog_egrep='grep -E'
ac_cv_prog_lex_root=lex.yy
ac_cv_prog_lex_yytext_pointer=yes
ac_cv_search_gethostbyname='none required'
ac_cv_search_inet_ntoa='none required'
ac_cv_search_nanosleep='none required'
ac_cv_search_setproctitle=no
ac_cv_search_socket='none required'
ac_cv_target=x86_64-unknown-linux-gnu
ac_cv_target_alias=x86_64-unknown-linux-gnu

## ----------------- ##
## Output variables. ##
## ----------------- ##

CC='gcc'
CFLAGS='-g -O2'
CPP='gcc -E'
CPPFLAGS=' -I/usr/include/lzo -I/usr/include/openssl -I/usr/include/openssl -I/usr/include/openssl -I/usr/include/openssl'
DEFS='-DHAVE_CONFIG_H'
ECHO_C=''
ECHO_N='-n'
ECHO_T=''
EGREP='grep -E'
EXEEXT=''
INSTALL_DATA='${INSTALL} -m 644'
INSTALL_PROGRAM='${INSTALL}'
INSTALL_SCRIPT='${INSTALL}'
LDFLAGS=''
LEX='flex'
LEXLIB='-lfl'
LEX_OUTPUT_ROOT='lex.yy'
LIBOBJS=''
LIBS=' -lz -llzo2 -lcrypto'
LTLIBOBJS=''
OBJEXT='o'
PACKAGE_BUGREPORT=''
PACKAGE_NAME=''
PACKAGE_STRING=''
PACKAGE_TARNAME=''
PACKAGE_VERSION=''
PATH_SEPARATOR=':'
SHELL='/bin/bash'
YACC='bison -y'
ac_ct_CC='gcc'
bindir='${exec_prefix}/bin'
build='x86_64-unknown-linux-gnu'
build_alias=''
build_cpu='x86_64'
build_os='linux-gnu'
build_vendor='unknown'
datadir='${prefix}/share'
exec_prefix='${prefix}'
host='x86_64-unknown-linux-gnu'
host_alias=''
host_cpu='x86_64'
host_os='linux-gnu'
host_vendor='unknown'
includedir='${prefix}/include'
infodir='${prefix}/info'
libdir='${exec_prefix}/lib'
libexecdir='${exec_prefix}/libexec'
localstatedir='${prefix}/var'
mandir='${prefix}/man'
oldincludedir='/usr/include'
prefix='/opt/vtun'
program_transform_name='s,x,x,'
sbindir='${exec_prefix}/sbin'
sharedstatedir='${prefix}/com'
sysconfdir='${prefix}/etc'
target='x86_64-unknown-linux-gnu'
target_alias=''
target_cpu='x86_64'
target_os='linux-gnu'
target_vendor='unknown'

## ----------- ##
## confdefs.h. ##
## ----------- ##

#define ENABLE_NAT_HACK 1
#define HAVE_ARPA_INET_H 1
#define HAVE_GETPT 1
#define HAVE_GRANTPT 1
#define HAVE_INTTYPES_H 1
#define HAVE_LINUX_IF_TUN_H 1
#define HAVE_LZO 1
#define HAVE_MEMORY_H 1
#define HAVE_NETDB_H 1
#define HAVE_NETINET_IN_H 1
#define HAVE_NETINET_IN_SYSTM_H 1
#define HAVE_NETINET_IP_H 1
#define HAVE_NETINET_TCP_H 1
#define HAVE_PTSNAME 1
#define HAVE_RESOLV_H 1
#define HAVE_SCHED_H 1
#define HAVE_SHAPER 1
#define HAVE_SSL 1
#define HAVE_SSL_AES 1
#define HAVE_SSL_BLOWFISH 1
#define HAVE_SSL_EVP 1
#define HAVE_STDINT_H 1
#define HAVE_STDLIB_H 1
#define HAVE_STRINGS_H 1
#define HAVE_STRING_H 1
#define HAVE_SYS_RESOURCE_H 1
#define HAVE_SYS_STAT_H 1
#define HAVE_SYS_TYPES_H 1
#define HAVE_UNISTD_H 1
#define HAVE_UNLOCKPT 1
#define HAVE_ZLIB 1
#define PACKAGE_BUGREPORT ""
#define PACKAGE_NAME ""
#define PACKAGE_STRING ""
#define PACKAGE_TARNAME ""
#define PACKAGE_VERSION ""
#define STDC_HEADERS 1
#define VTUN_VER "3.X 06/23/2017"
#define YYTEXT_POINTER 1

configure: exit 0
